<?xml version="1.0" encoding="UTF-8"?>
<robot generator="Robot 7.3.2 (Python 3.13.5 on darwin)" generated="2025-09-19T15:19:44.042089" rpa="false" schemaversion="5">
<suite id="s1" name="Test Login" source="/Users/anup/.jenkins/workspace/Assignment_Automate_pipeline/Assignments/assignment_2/test_login.robot">
<test id="s1-t1" name="Login success" line="5">
<kw name="Open web url" owner="common">
<if>
<branch type="IF" condition="'${headless}' == 'True'">
<kw name="Open Browser" owner="SeleniumLibrary">
<msg time="2025-09-19T15:19:44.142858" level="INFO">Opening browser 'headlesschrome' to base url 'http://the-internet.herokuapp.com/login'.</msg>
<arg>${url}</arg>
<arg>headlesschrome</arg>
<doc>Opens a new browser instance to the optional ``url``.</doc>
<status status="PASS" start="2025-09-19T15:19:44.142739" elapsed="11.975725"/>
</kw>
<status status="PASS" start="2025-09-19T15:19:44.142460" elapsed="11.976412"/>
</branch>
<branch type="ELSE">
<kw name="Open Browser" owner="SeleniumLibrary">
<arg>${url}</arg>
<arg>${browser}</arg>
<doc>Opens a new browser instance to the optional ``url``.</doc>
<status status="NOT RUN" start="2025-09-19T15:19:56.119572" elapsed="0.000046"/>
</kw>
<status status="NOT RUN" start="2025-09-19T15:19:56.119004" elapsed="0.000677"/>
</branch>
<status status="PASS" start="2025-09-19T15:19:44.142446" elapsed="11.977277"/>
</if>
<arg>url=${URL}</arg>
<status status="PASS" start="2025-09-19T15:19:44.142253" elapsed="11.977587"/>
</kw>
<kw name="Input username password and click login" owner="login_feature">
<kw name="Verify if page login page load correctly" owner="login_page">
<kw name="Wait Until Element Is Visible" owner="SeleniumLibrary">
<arg>locator=${web_locator['txt_login_page_header']}</arg>
<arg>timeout=${60s_TIMEOUT}</arg>
<doc>Waits until the element ``locator`` is visible.</doc>
<status status="PASS" start="2025-09-19T15:19:56.121359" elapsed="0.024450"/>
</kw>
<status status="PASS" start="2025-09-19T15:19:56.121078" elapsed="0.024856"/>
</kw>
<kw name="Input username" owner="login_page">
<kw name="Input text" owner="common">
<kw name="Wait Until Element Is Visible" owner="SeleniumLibrary">
<arg>locator=${locator}</arg>
<arg>timeout=${5s_TIMEOUT}</arg>
<doc>Waits until the element ``locator`` is visible.</doc>
<status status="PASS" start="2025-09-19T15:19:56.147110" elapsed="0.011526"/>
</kw>
<kw name="Input Text" owner="SeleniumLibrary">
<msg time="2025-09-19T15:19:56.158969" level="INFO">Typing text 'tomsmith' into text field 'id=username'.</msg>
<arg>locator=${locator}</arg>
<arg>text=${input_text}</arg>
<doc>Types the given ``text`` into the text field identified by ``locator``.</doc>
<status status="PASS" start="2025-09-19T15:19:56.158765" elapsed="0.072144"/>
</kw>
<arg>locator=${web_locator['input_username']}</arg>
<arg>input_text=${username}</arg>
<status status="PASS" start="2025-09-19T15:19:56.146455" elapsed="0.084534"/>
</kw>
<arg>username=${username}</arg>
<status status="PASS" start="2025-09-19T15:19:56.146114" elapsed="0.084909"/>
</kw>
<kw name="Input password" owner="login_page">
<kw name="Input text" owner="common">
<kw name="Wait Until Element Is Visible" owner="SeleniumLibrary">
<arg>locator=${locator}</arg>
<arg>timeout=${5s_TIMEOUT}</arg>
<doc>Waits until the element ``locator`` is visible.</doc>
<status status="PASS" start="2025-09-19T15:19:56.231717" elapsed="0.007420"/>
</kw>
<kw name="Input Text" owner="SeleniumLibrary">
<msg time="2025-09-19T15:19:56.239367" level="INFO">Typing text 'SuperSecretPassword!' into text field 'id=password'.</msg>
<arg>locator=${locator}</arg>
<arg>text=${input_text}</arg>
<doc>Types the given ``text`` into the text field identified by ``locator``.</doc>
<status status="PASS" start="2025-09-19T15:19:56.239228" elapsed="0.030617"/>
</kw>
<arg>locator=${web_locator['input_password']}</arg>
<arg>input_text=${password}</arg>
<status status="PASS" start="2025-09-19T15:19:56.231348" elapsed="0.038557"/>
</kw>
<arg>password=${password}</arg>
<status status="PASS" start="2025-09-19T15:19:56.231136" elapsed="0.038797"/>
</kw>
<kw name="Click login button" owner="login_page">
<kw name="Wait Until Element Is Visible" owner="SeleniumLibrary">
<arg>locator=${web_locator['btn_login']}</arg>
<arg>timeout=${5s_TIMEOUT}</arg>
<doc>Waits until the element ``locator`` is visible.</doc>
<status status="PASS" start="2025-09-19T15:19:56.270229" elapsed="0.007584"/>
</kw>
<kw name="Click Element" owner="SeleniumLibrary">
<msg time="2025-09-19T15:19:56.278156" level="INFO">Clicking element 'xpath=//i[contains(text(), Login)]/parent::button'.</msg>
<arg>${web_locator['btn_login']}</arg>
<doc>Click the element identified by ``locator``.</doc>
<status status="PASS" start="2025-09-19T15:19:56.277894" elapsed="0.639134"/>
</kw>
<status status="PASS" start="2025-09-19T15:19:56.270063" elapsed="0.647075"/>
</kw>
<arg>username=${VALID_USER}</arg>
<arg>password=${VALID_PASS}</arg>
<status status="PASS" start="2025-09-19T15:19:56.120325" elapsed="0.796867"/>
</kw>
<kw name="Verify flash popup text" owner="login_page">
<kw name="Verify text" owner="common">
<kw name="Wait Until Element Contains" owner="SeleniumLibrary">
<arg>locator=${locator}</arg>
<arg>text=${text_verify}</arg>
<arg>timeout=${5s_TIMEOUT}</arg>
<doc>Waits until the element ``locator`` contains ``text``.</doc>
<status status="PASS" start="2025-09-19T15:19:56.918221" elapsed="0.018430"/>
</kw>
<arg>locator=${web_locator['flash_popup']}</arg>
<arg>text_verify=${verify_text}</arg>
<status status="PASS" start="2025-09-19T15:19:56.917658" elapsed="0.019065"/>
</kw>
<arg>verify_text=${txt_login_into_secure_area}</arg>
<status status="PASS" start="2025-09-19T15:19:56.917361" elapsed="0.019396"/>
</kw>
<kw name="Click logout button" owner="login_page">
<kw name="Wait Until Element Is Visible" owner="SeleniumLibrary">
<arg>locator=${web_locator['btn_logout']}</arg>
<arg>timeout=${5s_TIMEOUT}</arg>
<doc>Waits until the element ``locator`` is visible.</doc>
<status status="PASS" start="2025-09-19T15:19:56.937023" elapsed="0.008219"/>
</kw>
<kw name="Click Element" owner="SeleniumLibrary">
<msg time="2025-09-19T15:19:56.945641" level="INFO">Clicking element 'xpath=//i[contains(text(), Logout)]/parent::a'.</msg>
<arg>${web_locator['btn_logout']}</arg>
<doc>Click the element identified by ``locator``.</doc>
<status status="PASS" start="2025-09-19T15:19:56.945331" elapsed="0.760513"/>
</kw>
<status status="PASS" start="2025-09-19T15:19:56.936867" elapsed="0.769109"/>
</kw>
<kw name="Verify flash popup text" owner="login_page">
<kw name="Verify text" owner="common">
<kw name="Wait Until Element Contains" owner="SeleniumLibrary">
<arg>locator=${locator}</arg>
<arg>text=${text_verify}</arg>
<arg>timeout=${5s_TIMEOUT}</arg>
<doc>Waits until the element ``locator`` contains ``text``.</doc>
<status status="PASS" start="2025-09-19T15:19:57.707099" elapsed="0.008987"/>
</kw>
<arg>locator=${web_locator['flash_popup']}</arg>
<arg>text_verify=${verify_text}</arg>
<status status="PASS" start="2025-09-19T15:19:57.706505" elapsed="0.009653"/>
</kw>
<arg>verify_text=${txt_logout_of_secure_area}</arg>
<status status="PASS" start="2025-09-19T15:19:57.706163" elapsed="0.010034"/>
</kw>
<kw name="Close all browser" owner="common">
<kw name="Close All Browsers" owner="SeleniumLibrary">
<doc>Closes all open browsers and resets the browser cache.</doc>
<status status="PASS" start="2025-09-19T15:19:57.716468" elapsed="0.168442"/>
</kw>
<status status="PASS" start="2025-09-19T15:19:57.716304" elapsed="0.168743"/>
</kw>
<status status="PASS" start="2025-09-19T15:19:44.141890" elapsed="13.743335"/>
</test>
<test id="s1-t2" name="Login failed - Password incorrect" line="13">
<kw name="Open web url" owner="common">
<if>
<branch type="IF" condition="'${headless}' == 'True'">
<kw name="Open Browser" owner="SeleniumLibrary">
<msg time="2025-09-19T15:19:57.886832" level="INFO">Opening browser 'headlesschrome' to base url 'http://the-internet.herokuapp.com/login'.</msg>
<arg>${url}</arg>
<arg>headlesschrome</arg>
<doc>Opens a new browser instance to the optional ``url``.</doc>
<status status="PASS" start="2025-09-19T15:19:57.886632" elapsed="4.823218"/>
</kw>
<status status="PASS" start="2025-09-19T15:19:57.886381" elapsed="4.823759"/>
</branch>
<branch type="ELSE">
<kw name="Open Browser" owner="SeleniumLibrary">
<arg>${url}</arg>
<arg>${browser}</arg>
<doc>Opens a new browser instance to the optional ``url``.</doc>
<status status="NOT RUN" start="2025-09-19T15:20:02.711035" elapsed="0.000059"/>
</kw>
<status status="NOT RUN" start="2025-09-19T15:20:02.710464" elapsed="0.000702"/>
</branch>
<status status="PASS" start="2025-09-19T15:19:57.886357" elapsed="4.824856"/>
</if>
<arg>url=${URL}</arg>
<status status="PASS" start="2025-09-19T15:19:57.886057" elapsed="4.825266"/>
</kw>
<kw name="Input username password and click login" owner="login_feature">
<kw name="Verify if page login page load correctly" owner="login_page">
<kw name="Wait Until Element Is Visible" owner="SeleniumLibrary">
<arg>locator=${web_locator['txt_login_page_header']}</arg>
<arg>timeout=${60s_TIMEOUT}</arg>
<doc>Waits until the element ``locator`` is visible.</doc>
<status status="PASS" start="2025-09-19T15:20:02.712591" elapsed="0.019037"/>
</kw>
<status status="PASS" start="2025-09-19T15:20:02.712340" elapsed="0.019386"/>
</kw>
<kw name="Input username" owner="login_page">
<kw name="Input text" owner="common">
<kw name="Wait Until Element Is Visible" owner="SeleniumLibrary">
<arg>locator=${locator}</arg>
<arg>timeout=${5s_TIMEOUT}</arg>
<doc>Waits until the element ``locator`` is visible.</doc>
<status status="PASS" start="2025-09-19T15:20:02.732684" elapsed="0.010437"/>
</kw>
<kw name="Input Text" owner="SeleniumLibrary">
<msg time="2025-09-19T15:20:02.743465" level="INFO">Typing text 'tomsmith' into text field 'id=username'.</msg>
<arg>locator=${locator}</arg>
<arg>text=${input_text}</arg>
<doc>Types the given ``text`` into the text field identified by ``locator``.</doc>
<status status="PASS" start="2025-09-19T15:20:02.743258" elapsed="0.061139"/>
</kw>
<arg>locator=${web_locator['input_username']}</arg>
<arg>input_text=${username}</arg>
<status status="PASS" start="2025-09-19T15:20:02.732162" elapsed="0.072320"/>
</kw>
<arg>username=${username}</arg>
<status status="PASS" start="2025-09-19T15:20:02.731879" elapsed="0.072638"/>
</kw>
<kw name="Input password" owner="login_page">
<kw name="Input text" owner="common">
<kw name="Wait Until Element Is Visible" owner="SeleniumLibrary">
<arg>locator=${locator}</arg>
<arg>timeout=${5s_TIMEOUT}</arg>
<doc>Waits until the element ``locator`` is visible.</doc>
<status status="PASS" start="2025-09-19T15:20:02.805171" elapsed="0.006946"/>
</kw>
<kw name="Input Text" owner="SeleniumLibrary">
<msg time="2025-09-19T15:20:02.812337" level="INFO">Typing text 'Password!' into text field 'id=password'.</msg>
<arg>locator=${locator}</arg>
<arg>text=${input_text}</arg>
<doc>Types the given ``text`` into the text field identified by ``locator``.</doc>
<status status="PASS" start="2025-09-19T15:20:02.812205" elapsed="0.028181"/>
</kw>
<arg>locator=${web_locator['input_password']}</arg>
<arg>input_text=${password}</arg>
<status status="PASS" start="2025-09-19T15:20:02.804829" elapsed="0.035612"/>
</kw>
<arg>password=${password}</arg>
<status status="PASS" start="2025-09-19T15:20:02.804638" elapsed="0.035829"/>
</kw>
<kw name="Click login button" owner="login_page">
<kw name="Wait Until Element Is Visible" owner="SeleniumLibrary">
<arg>locator=${web_locator['btn_login']}</arg>
<arg>timeout=${5s_TIMEOUT}</arg>
<doc>Waits until the element ``locator`` is visible.</doc>
<status status="PASS" start="2025-09-19T15:20:02.840671" elapsed="0.006897"/>
</kw>
<kw name="Click Element" owner="SeleniumLibrary">
<msg time="2025-09-19T15:20:02.847919" level="INFO">Clicking element 'xpath=//i[contains(text(), Login)]/parent::button'.</msg>
<arg>${web_locator['btn_login']}</arg>
<doc>Click the element identified by ``locator``.</doc>
<status status="PASS" start="2025-09-19T15:20:02.847652" elapsed="0.025817"/>
</kw>
<status status="PASS" start="2025-09-19T15:20:02.840554" elapsed="0.032976"/>
</kw>
<arg>username=${VALID_USER}</arg>
<arg>password=${INVALID_PASS}</arg>
<status status="PASS" start="2025-09-19T15:20:02.711682" elapsed="0.161873"/>
</kw>
<kw name="Verify flash popup text" owner="login_page">
<kw name="Verify text" owner="common">
<kw name="Wait Until Element Contains" owner="SeleniumLibrary">
<arg>locator=${locator}</arg>
<arg>text=${text_verify}</arg>
<arg>timeout=${5s_TIMEOUT}</arg>
<doc>Waits until the element ``locator`` contains ``text``.</doc>
<status status="PASS" start="2025-09-19T15:20:02.874136" elapsed="0.622691"/>
</kw>
<arg>locator=${web_locator['flash_popup']}</arg>
<arg>text_verify=${verify_text}</arg>
<status status="PASS" start="2025-09-19T15:20:02.873823" elapsed="0.623091"/>
</kw>
<arg>verify_text=${txt_pass_invalid}</arg>
<status status="PASS" start="2025-09-19T15:20:02.873654" elapsed="0.623300"/>
</kw>
<kw name="Close all browser" owner="common">
<kw name="Close All Browsers" owner="SeleniumLibrary">
<doc>Closes all open browsers and resets the browser cache.</doc>
<status status="PASS" start="2025-09-19T15:20:03.497315" elapsed="0.083267"/>
</kw>
<status status="PASS" start="2025-09-19T15:20:03.497117" elapsed="0.083545"/>
</kw>
<status status="PASS" start="2025-09-19T15:19:57.885552" elapsed="5.695219"/>
</test>
<test id="s1-t3" name="Login failed - Username not found" line="19">
<kw name="Open web url" owner="common">
<if>
<branch type="IF" condition="'${headless}' == 'True'">
<kw name="Open Browser" owner="SeleniumLibrary">
<msg time="2025-09-19T15:20:03.581750" level="INFO">Opening browser 'headlesschrome' to base url 'http://the-internet.herokuapp.com/login'.</msg>
<arg>${url}</arg>
<arg>headlesschrome</arg>
<doc>Opens a new browser instance to the optional ``url``.</doc>
<status status="PASS" start="2025-09-19T15:20:03.581632" elapsed="5.477229"/>
</kw>
<status status="PASS" start="2025-09-19T15:20:03.581474" elapsed="5.477697"/>
</branch>
<branch type="ELSE">
<kw name="Open Browser" owner="SeleniumLibrary">
<arg>${url}</arg>
<arg>${browser}</arg>
<doc>Opens a new browser instance to the optional ``url``.</doc>
<status status="NOT RUN" start="2025-09-19T15:20:09.059741" elapsed="0.000055"/>
</kw>
<status status="NOT RUN" start="2025-09-19T15:20:09.059274" elapsed="0.000586"/>
</branch>
<status status="PASS" start="2025-09-19T15:20:03.581460" elapsed="5.478439"/>
</if>
<arg>url=${URL}</arg>
<status status="PASS" start="2025-09-19T15:20:03.581269" elapsed="5.478744"/>
</kw>
<kw name="Input username password and click login" owner="login_feature">
<kw name="Verify if page login page load correctly" owner="login_page">
<kw name="Wait Until Element Is Visible" owner="SeleniumLibrary">
<arg>locator=${web_locator['txt_login_page_header']}</arg>
<arg>timeout=${60s_TIMEOUT}</arg>
<doc>Waits until the element ``locator`` is visible.</doc>
<status status="PASS" start="2025-09-19T15:20:09.061284" elapsed="0.019675"/>
</kw>
<status status="PASS" start="2025-09-19T15:20:09.061033" elapsed="0.020029"/>
</kw>
<kw name="Input username" owner="login_page">
<kw name="Input text" owner="common">
<kw name="Wait Until Element Is Visible" owner="SeleniumLibrary">
<arg>locator=${locator}</arg>
<arg>timeout=${5s_TIMEOUT}</arg>
<doc>Waits until the element ``locator`` is visible.</doc>
<status status="PASS" start="2025-09-19T15:20:09.082139" elapsed="0.010480"/>
</kw>
<kw name="Input Text" owner="SeleniumLibrary">
<msg time="2025-09-19T15:20:09.092927" level="INFO">Typing text 'tomholland' into text field 'id=username'.</msg>
<arg>locator=${locator}</arg>
<arg>text=${input_text}</arg>
<doc>Types the given ``text`` into the text field identified by ``locator``.</doc>
<status status="PASS" start="2025-09-19T15:20:09.092739" elapsed="0.060989"/>
</kw>
<arg>locator=${web_locator['input_username']}</arg>
<arg>input_text=${username}</arg>
<status status="PASS" start="2025-09-19T15:20:09.081567" elapsed="0.072269"/>
</kw>
<arg>username=${username}</arg>
<status status="PASS" start="2025-09-19T15:20:09.081224" elapsed="0.072649"/>
</kw>
<kw name="Input password" owner="login_page">
<kw name="Input text" owner="common">
<kw name="Wait Until Element Is Visible" owner="SeleniumLibrary">
<arg>locator=${locator}</arg>
<arg>timeout=${5s_TIMEOUT}</arg>
<doc>Waits until the element ``locator`` is visible.</doc>
<status status="PASS" start="2025-09-19T15:20:09.154654" elapsed="0.006882"/>
</kw>
<kw name="Input Text" owner="SeleniumLibrary">
<msg time="2025-09-19T15:20:09.161792" level="INFO">Typing text 'Password!' into text field 'id=password'.</msg>
<arg>locator=${locator}</arg>
<arg>text=${input_text}</arg>
<doc>Types the given ``text`` into the text field identified by ``locator``.</doc>
<status status="PASS" start="2025-09-19T15:20:09.161666" elapsed="0.027130"/>
</kw>
<arg>locator=${web_locator['input_password']}</arg>
<arg>input_text=${password}</arg>
<status status="PASS" start="2025-09-19T15:20:09.154274" elapsed="0.034580"/>
</kw>
<arg>password=${password}</arg>
<status status="PASS" start="2025-09-19T15:20:09.154022" elapsed="0.034858"/>
</kw>
<kw name="Click login button" owner="login_page">
<kw name="Wait Until Element Is Visible" owner="SeleniumLibrary">
<arg>locator=${web_locator['btn_login']}</arg>
<arg>timeout=${5s_TIMEOUT}</arg>
<doc>Waits until the element ``locator`` is visible.</doc>
<status status="PASS" start="2025-09-19T15:20:09.189086" elapsed="0.006720"/>
</kw>
<kw name="Click Element" owner="SeleniumLibrary">
<msg time="2025-09-19T15:20:09.196138" level="INFO">Clicking element 'xpath=//i[contains(text(), Login)]/parent::button'.</msg>
<arg>${web_locator['btn_login']}</arg>
<doc>Click the element identified by ``locator``.</doc>
<status status="PASS" start="2025-09-19T15:20:09.195886" elapsed="0.803764"/>
</kw>
<status status="PASS" start="2025-09-19T15:20:09.188968" elapsed="0.810785"/>
</kw>
<arg>username=${INVALID_USER}</arg>
<arg>password=${INVALID_PASS}</arg>
<status status="PASS" start="2025-09-19T15:20:09.060384" elapsed="0.939410"/>
</kw>
<kw name="Verify flash popup text" owner="login_page">
<kw name="Verify text" owner="common">
<kw name="Wait Until Element Contains" owner="SeleniumLibrary">
<arg>locator=${locator}</arg>
<arg>text=${text_verify}</arg>
<arg>timeout=${5s_TIMEOUT}</arg>
<doc>Waits until the element ``locator`` contains ``text``.</doc>
<status status="PASS" start="2025-09-19T15:20:10.000863" elapsed="0.019088"/>
</kw>
<arg>locator=${web_locator['flash_popup']}</arg>
<arg>text_verify=${verify_text}</arg>
<status status="PASS" start="2025-09-19T15:20:10.000273" elapsed="0.019764"/>
</kw>
<arg>verify_text=${txt_user_invalid}</arg>
<status status="PASS" start="2025-09-19T15:20:09.999959" elapsed="0.020118"/>
</kw>
<kw name="Close all browser" owner="common">
<kw name="Close All Browsers" owner="SeleniumLibrary">
<doc>Closes all open browsers and resets the browser cache.</doc>
<status status="PASS" start="2025-09-19T15:20:10.020359" elapsed="0.160996"/>
</kw>
<status status="PASS" start="2025-09-19T15:20:10.020195" elapsed="0.161277"/>
</kw>
<status status="PASS" start="2025-09-19T15:20:03.580965" elapsed="6.600645"/>
</test>
<status status="PASS" start="2025-09-19T15:19:44.042889" elapsed="26.139253"/>
</suite>
<statistics>
<total>
<stat pass="3" fail="0" skip="0">All Tests</stat>
</total>
<tag>
</tag>
<suite>
<stat name="Test Login" id="s1" pass="3" fail="0" skip="0">Test Login</stat>
</suite>
</statistics>
<errors>
</errors>
</robot>
