<?xml version="1.0" encoding="UTF-8"?>
<robot generator="Robot 7.3.2 (Python 3.13.5 on darwin)" generated="2025-09-19T14:23:18.459351" rpa="false" schemaversion="5">
<suite id="s1" name="Test Login" source="/Users/anup/Documents/Test_Automate_Anuphong/Assignments/assignment_2/test_login.robot">
<test id="s1-t1" name="Login success" line="5">
<kw name="Open web url" owner="common">
<if>
<branch type="IF" condition="'${headless}' == 'True'">
<kw name="Open Browser" owner="SeleniumLibrary">
<arg>${url}</arg>
<arg>headlesschrome</arg>
<doc>Opens a new browser instance to the optional ``url``.</doc>
<status status="NOT RUN" start="2025-09-19T14:23:18.566969" elapsed="0.000017"/>
</kw>
<status status="NOT RUN" start="2025-09-19T14:23:18.566758" elapsed="0.000262"/>
</branch>
<branch type="ELSE">
<kw name="Open Browser" owner="SeleniumLibrary">
<msg time="2025-09-19T14:23:18.567193" level="INFO">Opening browser 'chrome' to base url 'http://the-internet.herokuapp.com/login'.</msg>
<msg time="2025-09-19T14:23:23.928591" level="WARN">The chromedriver version (139.0.7258.138) detected in PATH at /opt/homebrew/bin/chromedriver might not be compatible with the detected chrome version (140.0.7339.185); currently, chromedriver 140.0.7339.185 is recommended for chrome 140.*, so it is advised to delete the driver in PATH and retry</msg>
<arg>${url}</arg>
<arg>${browser}</arg>
<doc>Opens a new browser instance to the optional ``url``.</doc>
<status status="PASS" start="2025-09-19T14:23:18.567094" elapsed="10.460714"/>
</kw>
<status status="PASS" start="2025-09-19T14:23:18.567041" elapsed="10.460963"/>
</branch>
<status status="PASS" start="2025-09-19T14:23:18.566744" elapsed="10.461302"/>
</if>
<arg>url=${URL}</arg>
<status status="PASS" start="2025-09-19T14:23:18.566593" elapsed="10.461527"/>
</kw>
<kw name="Input username password and click login" owner="login_feature">
<kw name="Verify if page login page load correctly" owner="login_page">
<kw name="Wait Until Element Is Visible" owner="SeleniumLibrary">
<arg>locator=${web_locator['txt_login_page_header']}</arg>
<arg>timeout=${60s_TIMEOUT}</arg>
<doc>Waits until the element ``locator`` is visible.</doc>
<status status="PASS" start="2025-09-19T14:23:29.028889" elapsed="0.011154"/>
</kw>
<status status="PASS" start="2025-09-19T14:23:29.028757" elapsed="0.011353"/>
</kw>
<kw name="Input username" owner="login_page">
<kw name="Input text" owner="common">
<kw name="Wait Until Element Is Visible" owner="SeleniumLibrary">
<arg>locator=${locator}</arg>
<arg>timeout=${5s_TIMEOUT}</arg>
<doc>Waits until the element ``locator`` is visible.</doc>
<status status="PASS" start="2025-09-19T14:23:29.040729" elapsed="0.007078"/>
</kw>
<kw name="Input Text" owner="SeleniumLibrary">
<msg time="2025-09-19T14:23:29.048013" level="INFO">Typing text 'tomsmith' into text field 'id=username'.</msg>
<arg>locator=${locator}</arg>
<arg>text=${input_text}</arg>
<doc>Types the given ``text`` into the text field identified by ``locator``.</doc>
<status status="PASS" start="2025-09-19T14:23:29.047887" elapsed="0.083477"/>
</kw>
<arg>locator=${web_locator['input_username']}</arg>
<arg>input_text=${username}</arg>
<status status="PASS" start="2025-09-19T14:23:29.040384" elapsed="0.091051"/>
</kw>
<arg>username=${username}</arg>
<status status="PASS" start="2025-09-19T14:23:29.040211" elapsed="0.091254"/>
</kw>
<kw name="Input password" owner="login_page">
<kw name="Input text" owner="common">
<kw name="Wait Until Element Is Visible" owner="SeleniumLibrary">
<arg>locator=${locator}</arg>
<arg>timeout=${5s_TIMEOUT}</arg>
<doc>Waits until the element ``locator`` is visible.</doc>
<status status="PASS" start="2025-09-19T14:23:29.132173" elapsed="0.007465"/>
</kw>
<kw name="Input Text" owner="SeleniumLibrary">
<msg time="2025-09-19T14:23:29.139875" level="INFO">Typing text 'SuperSecretPassword!' into text field 'id=password'.</msg>
<arg>locator=${locator}</arg>
<arg>text=${input_text}</arg>
<doc>Types the given ``text`` into the text field identified by ``locator``.</doc>
<status status="PASS" start="2025-09-19T14:23:29.139731" elapsed="0.030576"/>
</kw>
<arg>locator=${web_locator['input_password']}</arg>
<arg>input_text=${password}</arg>
<status status="PASS" start="2025-09-19T14:23:29.131821" elapsed="0.038551"/>
</kw>
<arg>password=${password}</arg>
<status status="PASS" start="2025-09-19T14:23:29.131569" elapsed="0.038831"/>
</kw>
<kw name="Click login button" owner="login_page">
<kw name="Wait Until Element Is Visible" owner="SeleniumLibrary">
<arg>locator=${web_locator['btn_login']}</arg>
<arg>timeout=${5s_TIMEOUT}</arg>
<doc>Waits until the element ``locator`` is visible.</doc>
<status status="PASS" start="2025-09-19T14:23:29.170625" elapsed="0.006707"/>
</kw>
<kw name="Click Element" owner="SeleniumLibrary">
<msg time="2025-09-19T14:23:29.177690" level="INFO">Clicking element 'xpath=//i[contains(text(), Login)]/parent::button'.</msg>
<arg>${web_locator['btn_login']}</arg>
<doc>Click the element identified by ``locator``.</doc>
<status status="PASS" start="2025-09-19T14:23:29.177416" elapsed="0.026105"/>
</kw>
<status status="PASS" start="2025-09-19T14:23:29.170498" elapsed="0.033090"/>
</kw>
<arg>username=${VALID_USER}</arg>
<arg>password=${VALID_PASS}</arg>
<status status="PASS" start="2025-09-19T14:23:29.028447" elapsed="0.175169"/>
</kw>
<kw name="Verify flash popup text" owner="login_page">
<kw name="Verify text" owner="common">
<kw name="Wait Until Element Contains" owner="SeleniumLibrary">
<arg>locator=${locator}</arg>
<arg>text=${text_verify}</arg>
<arg>timeout=${5s_TIMEOUT}</arg>
<doc>Waits until the element ``locator`` contains ``text``.</doc>
<status status="PASS" start="2025-09-19T14:23:29.204274" elapsed="0.652394"/>
</kw>
<arg>locator=${web_locator['flash_popup']}</arg>
<arg>text_verify=${verify_text}</arg>
<status status="PASS" start="2025-09-19T14:23:29.203939" elapsed="0.652803"/>
</kw>
<arg>verify_text=${txt_login_into_secure_area}</arg>
<status status="PASS" start="2025-09-19T14:23:29.203756" elapsed="0.653015"/>
</kw>
<kw name="Click logout button" owner="login_page">
<kw name="Wait Until Element Is Visible" owner="SeleniumLibrary">
<arg>locator=${web_locator['btn_logout']}</arg>
<arg>timeout=${5s_TIMEOUT}</arg>
<doc>Waits until the element ``locator`` is visible.</doc>
<status status="PASS" start="2025-09-19T14:23:29.857107" elapsed="0.007729"/>
</kw>
<kw name="Click Element" owner="SeleniumLibrary">
<msg time="2025-09-19T14:23:29.865452" level="INFO">Clicking element 'xpath=//i[contains(text(), Logout)]/parent::a'.</msg>
<arg>${web_locator['btn_logout']}</arg>
<doc>Click the element identified by ``locator``.</doc>
<status status="PASS" start="2025-09-19T14:23:29.864941" elapsed="1.019187"/>
</kw>
<status status="PASS" start="2025-09-19T14:23:29.856951" elapsed="1.027248"/>
</kw>
<kw name="Verify flash popup text" owner="login_page">
<kw name="Verify text" owner="common">
<kw name="Wait Until Element Contains" owner="SeleniumLibrary">
<arg>locator=${locator}</arg>
<arg>text=${text_verify}</arg>
<arg>timeout=${5s_TIMEOUT}</arg>
<doc>Waits until the element ``locator`` contains ``text``.</doc>
<status status="PASS" start="2025-09-19T14:23:30.885234" elapsed="0.007596"/>
</kw>
<arg>locator=${web_locator['flash_popup']}</arg>
<arg>text_verify=${verify_text}</arg>
<status status="PASS" start="2025-09-19T14:23:30.884706" elapsed="0.008178"/>
</kw>
<arg>verify_text=${txt_logout_of_secure_area}</arg>
<status status="PASS" start="2025-09-19T14:23:30.884427" elapsed="0.008483"/>
</kw>
<kw name="Close all browser" owner="common">
<kw name="Close All Browsers" owner="SeleniumLibrary">
<doc>Closes all open browsers and resets the browser cache.</doc>
<status status="PASS" start="2025-09-19T14:23:30.893131" elapsed="0.071780"/>
</kw>
<status status="PASS" start="2025-09-19T14:23:30.893016" elapsed="0.071967"/>
</kw>
<status status="PASS" start="2025-09-19T14:23:18.566297" elapsed="12.398797"/>
</test>
<test id="s1-t2" name="Login failed - Password incorrect" line="13">
<kw name="Open web url" owner="common">
<if>
<branch type="IF" condition="'${headless}' == 'True'">
<kw name="Open Browser" owner="SeleniumLibrary">
<arg>${url}</arg>
<arg>headlesschrome</arg>
<doc>Opens a new browser instance to the optional ``url``.</doc>
<status status="NOT RUN" start="2025-09-19T14:23:30.965761" elapsed="0.000014"/>
</kw>
<status status="NOT RUN" start="2025-09-19T14:23:30.965631" elapsed="0.000219"/>
</branch>
<branch type="ELSE">
<kw name="Open Browser" owner="SeleniumLibrary">
<msg time="2025-09-19T14:23:30.966032" level="INFO">Opening browser 'chrome' to base url 'http://the-internet.herokuapp.com/login'.</msg>
<msg time="2025-09-19T14:23:31.045378" level="WARN">The chromedriver version (139.0.7258.138) detected in PATH at /opt/homebrew/bin/chromedriver might not be compatible with the detected chrome version (140.0.7339.185); currently, chromedriver 140.0.7339.185 is recommended for chrome 140.*, so it is advised to delete the driver in PATH and retry</msg>
<arg>${url}</arg>
<arg>${browser}</arg>
<doc>Opens a new browser instance to the optional ``url``.</doc>
<status status="PASS" start="2025-09-19T14:23:30.965926" elapsed="6.013494"/>
</kw>
<status status="PASS" start="2025-09-19T14:23:30.965871" elapsed="6.013859"/>
</branch>
<status status="PASS" start="2025-09-19T14:23:30.965617" elapsed="6.014324"/>
</if>
<arg>url=${URL}</arg>
<status status="PASS" start="2025-09-19T14:23:30.965467" elapsed="6.014630"/>
</kw>
<kw name="Input username password and click login" owner="login_feature">
<kw name="Verify if page login page load correctly" owner="login_page">
<kw name="Wait Until Element Is Visible" owner="SeleniumLibrary">
<arg>locator=${web_locator['txt_login_page_header']}</arg>
<arg>timeout=${60s_TIMEOUT}</arg>
<doc>Waits until the element ``locator`` is visible.</doc>
<status status="PASS" start="2025-09-19T14:23:36.981688" elapsed="0.020894"/>
</kw>
<status status="PASS" start="2025-09-19T14:23:36.981412" elapsed="0.021303"/>
</kw>
<kw name="Input username" owner="login_page">
<kw name="Input text" owner="common">
<kw name="Wait Until Element Is Visible" owner="SeleniumLibrary">
<arg>locator=${locator}</arg>
<arg>timeout=${5s_TIMEOUT}</arg>
<doc>Waits until the element ``locator`` is visible.</doc>
<status status="PASS" start="2025-09-19T14:23:37.003907" elapsed="0.010505"/>
</kw>
<kw name="Input Text" owner="SeleniumLibrary">
<msg time="2025-09-19T14:23:37.014762" level="INFO">Typing text 'tomsmith' into text field 'id=username'.</msg>
<arg>locator=${locator}</arg>
<arg>text=${input_text}</arg>
<doc>Types the given ``text`` into the text field identified by ``locator``.</doc>
<status status="PASS" start="2025-09-19T14:23:37.014556" elapsed="0.088392"/>
</kw>
<arg>locator=${web_locator['input_username']}</arg>
<arg>input_text=${username}</arg>
<status status="PASS" start="2025-09-19T14:23:37.003280" elapsed="0.099739"/>
</kw>
<arg>username=${username}</arg>
<status status="PASS" start="2025-09-19T14:23:37.002931" elapsed="0.100119"/>
</kw>
<kw name="Input password" owner="login_page">
<kw name="Input text" owner="common">
<kw name="Wait Until Element Is Visible" owner="SeleniumLibrary">
<arg>locator=${locator}</arg>
<arg>timeout=${5s_TIMEOUT}</arg>
<doc>Waits until the element ``locator`` is visible.</doc>
<status status="PASS" start="2025-09-19T14:23:37.103699" elapsed="0.007676"/>
</kw>
<kw name="Input Text" owner="SeleniumLibrary">
<msg time="2025-09-19T14:23:37.111594" level="INFO">Typing text 'Password!' into text field 'id=password'.</msg>
<arg>locator=${locator}</arg>
<arg>text=${input_text}</arg>
<doc>Types the given ``text`` into the text field identified by ``locator``.</doc>
<status status="PASS" start="2025-09-19T14:23:37.111461" elapsed="0.027094"/>
</kw>
<arg>locator=${web_locator['input_password']}</arg>
<arg>input_text=${password}</arg>
<status status="PASS" start="2025-09-19T14:23:37.103344" elapsed="0.035264"/>
</kw>
<arg>password=${password}</arg>
<status status="PASS" start="2025-09-19T14:23:37.103155" elapsed="0.035479"/>
</kw>
<kw name="Click login button" owner="login_page">
<kw name="Wait Until Element Is Visible" owner="SeleniumLibrary">
<arg>locator=${web_locator['btn_login']}</arg>
<arg>timeout=${5s_TIMEOUT}</arg>
<doc>Waits until the element ``locator`` is visible.</doc>
<status status="PASS" start="2025-09-19T14:23:37.138834" elapsed="0.006971"/>
</kw>
<kw name="Click Element" owner="SeleniumLibrary">
<msg time="2025-09-19T14:23:37.146131" level="INFO">Clicking element 'xpath=//i[contains(text(), Login)]/parent::button'.</msg>
<arg>${web_locator['btn_login']}</arg>
<doc>Click the element identified by ``locator``.</doc>
<status status="PASS" start="2025-09-19T14:23:37.145887" elapsed="0.026099"/>
</kw>
<status status="PASS" start="2025-09-19T14:23:37.138718" elapsed="0.033325"/>
</kw>
<arg>username=${VALID_USER}</arg>
<arg>password=${INVALID_PASS}</arg>
<status status="PASS" start="2025-09-19T14:23:36.980707" elapsed="0.191360"/>
</kw>
<kw name="Verify flash popup text" owner="login_page">
<kw name="Verify text" owner="common">
<kw name="Wait Until Element Contains" owner="SeleniumLibrary">
<arg>locator=${locator}</arg>
<arg>text=${text_verify}</arg>
<arg>timeout=${5s_TIMEOUT}</arg>
<doc>Waits until the element ``locator`` contains ``text``.</doc>
<status status="PASS" start="2025-09-19T14:23:37.172670" elapsed="0.647923"/>
</kw>
<arg>locator=${web_locator['flash_popup']}</arg>
<arg>text_verify=${verify_text}</arg>
<status status="PASS" start="2025-09-19T14:23:37.172367" elapsed="0.648315"/>
</kw>
<arg>verify_text=${txt_pass_invalid}</arg>
<status status="PASS" start="2025-09-19T14:23:37.172209" elapsed="0.648514"/>
</kw>
<kw name="Close all browser" owner="common">
<kw name="Close All Browsers" owner="SeleniumLibrary">
<doc>Closes all open browsers and resets the browser cache.</doc>
<status status="PASS" start="2025-09-19T14:23:37.821212" elapsed="0.073757"/>
</kw>
<status status="PASS" start="2025-09-19T14:23:37.820988" elapsed="0.074059"/>
</kw>
<status status="PASS" start="2025-09-19T14:23:30.965229" elapsed="6.929937"/>
</test>
<test id="s1-t3" name="Login failed - Username not found" line="19">
<kw name="Open web url" owner="common">
<if>
<branch type="IF" condition="'${headless}' == 'True'">
<kw name="Open Browser" owner="SeleniumLibrary">
<arg>${url}</arg>
<arg>headlesschrome</arg>
<doc>Opens a new browser instance to the optional ``url``.</doc>
<status status="NOT RUN" start="2025-09-19T14:23:37.895887" elapsed="0.000015"/>
</kw>
<status status="NOT RUN" start="2025-09-19T14:23:37.895747" elapsed="0.000181"/>
</branch>
<branch type="ELSE">
<kw name="Open Browser" owner="SeleniumLibrary">
<msg time="2025-09-19T14:23:37.896108" level="INFO">Opening browser 'chrome' to base url 'http://the-internet.herokuapp.com/login'.</msg>
<msg time="2025-09-19T14:23:37.950666" level="WARN">The chromedriver version (139.0.7258.138) detected in PATH at /opt/homebrew/bin/chromedriver might not be compatible with the detected chrome version (140.0.7339.185); currently, chromedriver 140.0.7339.185 is recommended for chrome 140.*, so it is advised to delete the driver in PATH and retry</msg>
<arg>${url}</arg>
<arg>${browser}</arg>
<doc>Opens a new browser instance to the optional ``url``.</doc>
<status status="PASS" start="2025-09-19T14:23:37.896002" elapsed="4.452245"/>
</kw>
<status status="PASS" start="2025-09-19T14:23:37.895948" elapsed="4.452814"/>
</branch>
<status status="PASS" start="2025-09-19T14:23:37.895732" elapsed="4.453138"/>
</if>
<arg>url=${URL}</arg>
<status status="PASS" start="2025-09-19T14:23:37.895567" elapsed="4.453475"/>
</kw>
<kw name="Input username password and click login" owner="login_feature">
<kw name="Verify if page login page load correctly" owner="login_page">
<kw name="Wait Until Element Is Visible" owner="SeleniumLibrary">
<arg>locator=${web_locator['txt_login_page_header']}</arg>
<arg>timeout=${60s_TIMEOUT}</arg>
<doc>Waits until the element ``locator`` is visible.</doc>
<status status="PASS" start="2025-09-19T14:23:42.350883" elapsed="0.019837"/>
</kw>
<status status="PASS" start="2025-09-19T14:23:42.350585" elapsed="0.020243"/>
</kw>
<kw name="Input username" owner="login_page">
<kw name="Input text" owner="common">
<kw name="Wait Until Element Is Visible" owner="SeleniumLibrary">
<arg>locator=${locator}</arg>
<arg>timeout=${5s_TIMEOUT}</arg>
<doc>Waits until the element ``locator`` is visible.</doc>
<status status="PASS" start="2025-09-19T14:23:42.371851" elapsed="0.010586"/>
</kw>
<kw name="Input Text" owner="SeleniumLibrary">
<msg time="2025-09-19T14:23:42.382836" level="INFO">Typing text 'tomholland' into text field 'id=username'.</msg>
<arg>locator=${locator}</arg>
<arg>text=${input_text}</arg>
<doc>Types the given ``text`` into the text field identified by ``locator``.</doc>
<status status="PASS" start="2025-09-19T14:23:42.382646" elapsed="0.094623"/>
</kw>
<arg>locator=${web_locator['input_username']}</arg>
<arg>input_text=${username}</arg>
<status status="PASS" start="2025-09-19T14:23:42.371305" elapsed="0.106037"/>
</kw>
<arg>username=${username}</arg>
<status status="PASS" start="2025-09-19T14:23:42.370999" elapsed="0.106374"/>
</kw>
<kw name="Input password" owner="login_page">
<kw name="Input text" owner="common">
<kw name="Wait Until Element Is Visible" owner="SeleniumLibrary">
<arg>locator=${locator}</arg>
<arg>timeout=${5s_TIMEOUT}</arg>
<doc>Waits until the element ``locator`` is visible.</doc>
<status status="PASS" start="2025-09-19T14:23:42.478032" elapsed="0.007723"/>
</kw>
<kw name="Input Text" owner="SeleniumLibrary">
<msg time="2025-09-19T14:23:42.485987" level="INFO">Typing text 'Password!' into text field 'id=password'.</msg>
<arg>locator=${locator}</arg>
<arg>text=${input_text}</arg>
<doc>Types the given ``text`` into the text field identified by ``locator``.</doc>
<status status="PASS" start="2025-09-19T14:23:42.485845" elapsed="0.026377"/>
</kw>
<arg>locator=${web_locator['input_password']}</arg>
<arg>input_text=${password}</arg>
<status status="PASS" start="2025-09-19T14:23:42.477679" elapsed="0.034601"/>
</kw>
<arg>password=${password}</arg>
<status status="PASS" start="2025-09-19T14:23:42.477484" elapsed="0.034822"/>
</kw>
<kw name="Click login button" owner="login_page">
<kw name="Wait Until Element Is Visible" owner="SeleniumLibrary">
<arg>locator=${web_locator['btn_login']}</arg>
<arg>timeout=${5s_TIMEOUT}</arg>
<doc>Waits until the element ``locator`` is visible.</doc>
<status status="PASS" start="2025-09-19T14:23:42.512509" elapsed="0.007127"/>
</kw>
<kw name="Click Element" owner="SeleniumLibrary">
<msg time="2025-09-19T14:23:42.519985" level="INFO">Clicking element 'xpath=//i[contains(text(), Login)]/parent::button'.</msg>
<arg>${web_locator['btn_login']}</arg>
<doc>Click the element identified by ``locator``.</doc>
<status status="PASS" start="2025-09-19T14:23:42.519720" elapsed="0.024260"/>
</kw>
<status status="PASS" start="2025-09-19T14:23:42.512392" elapsed="0.031645"/>
</kw>
<arg>username=${INVALID_USER}</arg>
<arg>password=${INVALID_PASS}</arg>
<status status="PASS" start="2025-09-19T14:23:42.349824" elapsed="0.194239"/>
</kw>
<kw name="Verify flash popup text" owner="login_page">
<kw name="Verify text" owner="common">
<kw name="Wait Until Element Contains" owner="SeleniumLibrary">
<msg time="2025-09-19T14:23:43.167090" level="INFO">Suppressing StaleElementReferenceException from Selenium.</msg>
<arg>locator=${locator}</arg>
<arg>text=${text_verify}</arg>
<arg>timeout=${5s_TIMEOUT}</arg>
<doc>Waits until the element ``locator`` contains ``text``.</doc>
<status status="PASS" start="2025-09-19T14:23:42.544664" elapsed="0.851463"/>
</kw>
<arg>locator=${web_locator['flash_popup']}</arg>
<arg>text_verify=${verify_text}</arg>
<status status="PASS" start="2025-09-19T14:23:42.544363" elapsed="0.851934"/>
</kw>
<arg>verify_text=${txt_user_invalid}</arg>
<status status="PASS" start="2025-09-19T14:23:42.544202" elapsed="0.852169"/>
</kw>
<kw name="Close all browser" owner="common">
<kw name="Close All Browsers" owner="SeleniumLibrary">
<doc>Closes all open browsers and resets the browser cache.</doc>
<status status="PASS" start="2025-09-19T14:23:43.396998" elapsed="0.081870"/>
</kw>
<status status="PASS" start="2025-09-19T14:23:43.396673" elapsed="0.082284"/>
</kw>
<status status="PASS" start="2025-09-19T14:23:37.895311" elapsed="5.583774"/>
</test>
<status status="PASS" start="2025-09-19T14:23:18.460297" elapsed="25.019125"/>
</suite>
<statistics>
<total>
<stat pass="3" fail="0" skip="0">All Tests</stat>
</total>
<tag>
</tag>
<suite>
<stat name="Test Login" id="s1" pass="3" fail="0" skip="0">Test Login</stat>
</suite>
</statistics>
<errors>
<msg time="2025-09-19T14:23:23.928591" level="WARN">The chromedriver version (139.0.7258.138) detected in PATH at /opt/homebrew/bin/chromedriver might not be compatible with the detected chrome version (140.0.7339.185); currently, chromedriver 140.0.7339.185 is recommended for chrome 140.*, so it is advised to delete the driver in PATH and retry</msg>
<msg time="2025-09-19T14:23:31.045378" level="WARN">The chromedriver version (139.0.7258.138) detected in PATH at /opt/homebrew/bin/chromedriver might not be compatible with the detected chrome version (140.0.7339.185); currently, chromedriver 140.0.7339.185 is recommended for chrome 140.*, so it is advised to delete the driver in PATH and retry</msg>
<msg time="2025-09-19T14:23:37.950666" level="WARN">The chromedriver version (139.0.7258.138) detected in PATH at /opt/homebrew/bin/chromedriver might not be compatible with the detected chrome version (140.0.7339.185); currently, chromedriver 140.0.7339.185 is recommended for chrome 140.*, so it is advised to delete the driver in PATH and retry</msg>
</errors>
</robot>
