<?xml version="1.0" encoding="UTF-8"?>
<robot generator="Robot 7.3.2 (Python 3.13.5 on darwin)" generated="2025-08-23T08:17:45.751321" rpa="false" schemaversion="5">
<suite id="s1" name="Test Login" source="/Users/anup/Documents/Test_Automate/Assignments/assignment_2/test_login.robot">
<test id="s1-t1" name="Login success" line="5">
<kw name="Open web url" owner="common">
<if>
<branch type="IF" condition="'${headless}' == 'True'">
<kw name="Open Browser" owner="SeleniumLibrary">
<msg time="2025-08-23T08:17:45.836859" level="INFO">Opening browser 'headlesschrome' to base url 'http://the-internet.herokuapp.com/login'.</msg>
<arg>${url}</arg>
<arg>headlesschrome</arg>
<doc>Opens a new browser instance to the optional ``url``.</doc>
<status status="PASS" start="2025-08-23T08:17:45.836762" elapsed="5.626898"/>
</kw>
<status status="PASS" start="2025-08-23T08:17:45.836550" elapsed="5.627563"/>
</branch>
<branch type="ELSE">
<kw name="Open Browser" owner="SeleniumLibrary">
<arg>${url}</arg>
<arg>${browser}</arg>
<doc>Opens a new browser instance to the optional ``url``.</doc>
<status status="NOT RUN" start="2025-08-23T08:17:51.464933" elapsed="0.000050"/>
</kw>
<status status="NOT RUN" start="2025-08-23T08:17:51.464278" elapsed="0.000767"/>
</branch>
<status status="PASS" start="2025-08-23T08:17:45.836537" elapsed="5.628550"/>
</if>
<arg>url=${URL}</arg>
<status status="PASS" start="2025-08-23T08:17:45.836386" elapsed="5.628860"/>
</kw>
<kw name="Input username password and click login" owner="login_feature">
<kw name="Verify if page login page load correctly" owner="login_page">
<kw name="Wait Until Element Is Visible" owner="SeleniumLibrary">
<arg>locator=${web_locator['txt_login_page_header']}</arg>
<arg>timeout=${60s_TIMEOUT}</arg>
<doc>Waits until the element ``locator`` is visible.</doc>
<status status="PASS" start="2025-08-23T08:17:51.466990" elapsed="0.027071"/>
</kw>
<status status="PASS" start="2025-08-23T08:17:51.466733" elapsed="0.027456"/>
</kw>
<kw name="Input username" owner="login_page">
<kw name="Input text" owner="common">
<kw name="Wait Until Element Is Visible" owner="SeleniumLibrary">
<arg>locator=${locator}</arg>
<arg>timeout=${5s_TIMEOUT}</arg>
<doc>Waits until the element ``locator`` is visible.</doc>
<status status="PASS" start="2025-08-23T08:17:51.495160" elapsed="0.009206"/>
</kw>
<kw name="Input Text" owner="SeleniumLibrary">
<msg time="2025-08-23T08:17:51.504642" level="INFO">Typing text 'tomsmith' into text field 'id=username'.</msg>
<arg>locator=${locator}</arg>
<arg>text=${input_text}</arg>
<doc>Types the given ``text`` into the text field identified by ``locator``.</doc>
<status status="PASS" start="2025-08-23T08:17:51.504472" elapsed="0.109066"/>
</kw>
<arg>locator=${web_locator['input_username']}</arg>
<arg>input_text=${username}</arg>
<status status="PASS" start="2025-08-23T08:17:51.494651" elapsed="0.118960"/>
</kw>
<arg>username=${username}</arg>
<status status="PASS" start="2025-08-23T08:17:51.494365" elapsed="0.119280"/>
</kw>
<kw name="Input password" owner="login_page">
<kw name="Input text" owner="common">
<kw name="Wait Until Element Is Visible" owner="SeleniumLibrary">
<arg>locator=${locator}</arg>
<arg>timeout=${5s_TIMEOUT}</arg>
<doc>Waits until the element ``locator`` is visible.</doc>
<status status="PASS" start="2025-08-23T08:17:51.614289" elapsed="0.008030"/>
</kw>
<kw name="Input Text" owner="SeleniumLibrary">
<msg time="2025-08-23T08:17:51.622551" level="INFO">Typing text 'SuperSecretPassword!' into text field 'id=password'.</msg>
<arg>locator=${locator}</arg>
<arg>text=${input_text}</arg>
<doc>Types the given ``text`` into the text field identified by ``locator``.</doc>
<status status="PASS" start="2025-08-23T08:17:51.622409" elapsed="0.029204"/>
</kw>
<arg>locator=${web_locator['input_password']}</arg>
<arg>input_text=${password}</arg>
<status status="PASS" start="2025-08-23T08:17:51.613945" elapsed="0.037729"/>
</kw>
<arg>password=${password}</arg>
<status status="PASS" start="2025-08-23T08:17:51.613752" elapsed="0.037949"/>
</kw>
<kw name="Click login button" owner="login_page">
<kw name="Wait Until Element Is Visible" owner="SeleniumLibrary">
<arg>locator=${web_locator['btn_login']}</arg>
<arg>timeout=${5s_TIMEOUT}</arg>
<doc>Waits until the element ``locator`` is visible.</doc>
<status status="PASS" start="2025-08-23T08:17:51.651919" elapsed="0.007365"/>
</kw>
<kw name="Click Element" owner="SeleniumLibrary">
<msg time="2025-08-23T08:17:51.659659" level="INFO">Clicking element 'xpath=//i[contains(text(), Login)]/parent::button'.</msg>
<arg>${web_locator['btn_login']}</arg>
<doc>Click the element identified by ``locator``.</doc>
<status status="PASS" start="2025-08-23T08:17:51.659376" elapsed="0.801466"/>
</kw>
<status status="PASS" start="2025-08-23T08:17:51.651795" elapsed="0.809152"/>
</kw>
<arg>username=${VALID_USER}</arg>
<arg>password=${VALID_PASS}</arg>
<status status="PASS" start="2025-08-23T08:17:51.465954" elapsed="0.995039"/>
</kw>
<kw name="Verify flash popup text" owner="login_page">
<kw name="Verify text" owner="common">
<kw name="Wait Until Element Contains" owner="SeleniumLibrary">
<arg>locator=${locator}</arg>
<arg>text=${text_verify}</arg>
<arg>timeout=${5s_TIMEOUT}</arg>
<doc>Waits until the element ``locator`` contains ``text``.</doc>
<status status="PASS" start="2025-08-23T08:17:52.462654" elapsed="0.014838"/>
</kw>
<arg>locator=${web_locator['flash_popup']}</arg>
<arg>text_verify=${verify_text}</arg>
<status status="PASS" start="2025-08-23T08:17:52.461782" elapsed="0.015783"/>
</kw>
<arg>verify_text=${txt_login_into_secure_area}</arg>
<status status="PASS" start="2025-08-23T08:17:52.461229" elapsed="0.016371"/>
</kw>
<kw name="Click logout button" owner="login_page">
<kw name="Wait Until Element Is Visible" owner="SeleniumLibrary">
<arg>locator=${web_locator['btn_logout']}</arg>
<arg>timeout=${5s_TIMEOUT}</arg>
<doc>Waits until the element ``locator`` is visible.</doc>
<status status="PASS" start="2025-08-23T08:17:52.477889" elapsed="0.008005"/>
</kw>
<kw name="Click Element" owner="SeleniumLibrary">
<msg time="2025-08-23T08:17:52.486308" level="INFO">Clicking element 'xpath=//i[contains(text(), Logout)]/parent::a'.</msg>
<arg>${web_locator['btn_logout']}</arg>
<doc>Click the element identified by ``locator``.</doc>
<status status="PASS" start="2025-08-23T08:17:52.485988" elapsed="0.741539"/>
</kw>
<status status="PASS" start="2025-08-23T08:17:52.477738" elapsed="0.749901"/>
</kw>
<kw name="Verify flash popup text" owner="login_page">
<kw name="Verify text" owner="common">
<kw name="Wait Until Element Contains" owner="SeleniumLibrary">
<arg>locator=${locator}</arg>
<arg>text=${text_verify}</arg>
<arg>timeout=${5s_TIMEOUT}</arg>
<doc>Waits until the element ``locator`` contains ``text``.</doc>
<status status="PASS" start="2025-08-23T08:17:53.228720" elapsed="0.009202"/>
</kw>
<arg>locator=${web_locator['flash_popup']}</arg>
<arg>text_verify=${verify_text}</arg>
<status status="PASS" start="2025-08-23T08:17:53.228166" elapsed="0.009835"/>
</kw>
<arg>verify_text=${txt_logout_of_secure_area}</arg>
<status status="PASS" start="2025-08-23T08:17:53.227861" elapsed="0.010183"/>
</kw>
<kw name="Close all browser" owner="common">
<kw name="Close All Browsers" owner="SeleniumLibrary">
<doc>Closes all open browsers and resets the browser cache.</doc>
<status status="PASS" start="2025-08-23T08:17:53.238434" elapsed="0.078820"/>
</kw>
<status status="PASS" start="2025-08-23T08:17:53.238225" elapsed="0.079107"/>
</kw>
<status status="PASS" start="2025-08-23T08:17:45.836084" elapsed="7.481370"/>
</test>
<test id="s1-t2" name="Login failed - Password incorrect" line="13">
<kw name="Open web url" owner="common">
<if>
<branch type="IF" condition="'${headless}' == 'True'">
<kw name="Open Browser" owner="SeleniumLibrary">
<msg time="2025-08-23T08:17:53.318360" level="INFO">Opening browser 'headlesschrome' to base url 'http://the-internet.herokuapp.com/login'.</msg>
<arg>${url}</arg>
<arg>headlesschrome</arg>
<doc>Opens a new browser instance to the optional ``url``.</doc>
<status status="PASS" start="2025-08-23T08:17:53.318229" elapsed="5.316894"/>
</kw>
<status status="PASS" start="2025-08-23T08:17:53.318086" elapsed="5.317399"/>
</branch>
<branch type="ELSE">
<kw name="Open Browser" owner="SeleniumLibrary">
<arg>${url}</arg>
<arg>${browser}</arg>
<doc>Opens a new browser instance to the optional ``url``.</doc>
<status status="NOT RUN" start="2025-08-23T08:17:58.636981" elapsed="0.000069"/>
</kw>
<status status="NOT RUN" start="2025-08-23T08:17:58.636019" elapsed="0.001107"/>
</branch>
<status status="PASS" start="2025-08-23T08:17:53.318070" elapsed="5.319104"/>
</if>
<arg>url=${URL}</arg>
<status status="PASS" start="2025-08-23T08:17:53.317891" elapsed="5.319415"/>
</kw>
<kw name="Input username password and click login" owner="login_feature">
<kw name="Verify if page login page load correctly" owner="login_page">
<kw name="Wait Until Element Is Visible" owner="SeleniumLibrary">
<arg>locator=${web_locator['txt_login_page_header']}</arg>
<arg>timeout=${60s_TIMEOUT}</arg>
<doc>Waits until the element ``locator`` is visible.</doc>
<status status="PASS" start="2025-08-23T08:17:58.638740" elapsed="0.018547"/>
</kw>
<status status="PASS" start="2025-08-23T08:17:58.638493" elapsed="0.018882"/>
</kw>
<kw name="Input username" owner="login_page">
<kw name="Input text" owner="common">
<kw name="Wait Until Element Is Visible" owner="SeleniumLibrary">
<arg>locator=${locator}</arg>
<arg>timeout=${5s_TIMEOUT}</arg>
<doc>Waits until the element ``locator`` is visible.</doc>
<status status="PASS" start="2025-08-23T08:17:58.658330" elapsed="0.010077"/>
</kw>
<kw name="Input Text" owner="SeleniumLibrary">
<msg time="2025-08-23T08:17:58.668671" level="INFO">Typing text 'tomsmith' into text field 'id=username'.</msg>
<arg>locator=${locator}</arg>
<arg>text=${input_text}</arg>
<doc>Types the given ``text`` into the text field identified by ``locator``.</doc>
<status status="PASS" start="2025-08-23T08:17:58.668504" elapsed="0.092436"/>
</kw>
<arg>locator=${web_locator['input_username']}</arg>
<arg>input_text=${username}</arg>
<status status="PASS" start="2025-08-23T08:17:58.657794" elapsed="0.103218"/>
</kw>
<arg>username=${username}</arg>
<status status="PASS" start="2025-08-23T08:17:58.657520" elapsed="0.103523"/>
</kw>
<kw name="Input password" owner="login_page">
<kw name="Input text" owner="common">
<kw name="Wait Until Element Is Visible" owner="SeleniumLibrary">
<arg>locator=${locator}</arg>
<arg>timeout=${5s_TIMEOUT}</arg>
<doc>Waits until the element ``locator`` is visible.</doc>
<status status="PASS" start="2025-08-23T08:17:58.761707" elapsed="0.007341"/>
</kw>
<kw name="Input Text" owner="SeleniumLibrary">
<msg time="2025-08-23T08:17:58.769297" level="INFO">Typing text 'Password!' into text field 'id=password'.</msg>
<arg>locator=${locator}</arg>
<arg>text=${input_text}</arg>
<doc>Types the given ``text`` into the text field identified by ``locator``.</doc>
<status status="PASS" start="2025-08-23T08:17:58.769147" elapsed="0.027665"/>
</kw>
<arg>locator=${web_locator['input_password']}</arg>
<arg>input_text=${password}</arg>
<status status="PASS" start="2025-08-23T08:17:58.761343" elapsed="0.035529"/>
</kw>
<arg>password=${password}</arg>
<status status="PASS" start="2025-08-23T08:17:58.761152" elapsed="0.035746"/>
</kw>
<kw name="Click login button" owner="login_page">
<kw name="Wait Until Element Is Visible" owner="SeleniumLibrary">
<arg>locator=${web_locator['btn_login']}</arg>
<arg>timeout=${5s_TIMEOUT}</arg>
<doc>Waits until the element ``locator`` is visible.</doc>
<status status="PASS" start="2025-08-23T08:17:58.797106" elapsed="0.007355"/>
</kw>
<kw name="Click Element" owner="SeleniumLibrary">
<msg time="2025-08-23T08:17:58.804860" level="INFO">Clicking element 'xpath=//i[contains(text(), Login)]/parent::button'.</msg>
<arg>${web_locator['btn_login']}</arg>
<doc>Click the element identified by ``locator``.</doc>
<status status="PASS" start="2025-08-23T08:17:58.804551" elapsed="0.026181"/>
</kw>
<status status="PASS" start="2025-08-23T08:17:58.796984" elapsed="0.033803"/>
</kw>
<arg>username=${VALID_USER}</arg>
<arg>password=${INVALID_PASS}</arg>
<status status="PASS" start="2025-08-23T08:17:58.637861" elapsed="0.192954"/>
</kw>
<kw name="Verify flash popup text" owner="login_page">
<kw name="Verify text" owner="common">
<kw name="Wait Until Element Contains" owner="SeleniumLibrary">
<msg time="2025-08-23T08:17:59.618948" level="INFO">Suppressing StaleElementReferenceException from Selenium.</msg>
<arg>locator=${locator}</arg>
<arg>text=${text_verify}</arg>
<arg>timeout=${5s_TIMEOUT}</arg>
<doc>Waits until the element ``locator`` contains ``text``.</doc>
<status status="PASS" start="2025-08-23T08:17:58.831429" elapsed="1.016745"/>
</kw>
<arg>locator=${web_locator['flash_popup']}</arg>
<arg>text_verify=${verify_text}</arg>
<status status="PASS" start="2025-08-23T08:17:58.831122" elapsed="1.017211"/>
</kw>
<arg>verify_text=${txt_pass_invalid}</arg>
<status status="PASS" start="2025-08-23T08:17:58.830948" elapsed="1.017454"/>
</kw>
<kw name="Close all browser" owner="common">
<kw name="Close All Browsers" owner="SeleniumLibrary">
<doc>Closes all open browsers and resets the browser cache.</doc>
<status status="PASS" start="2025-08-23T08:17:59.849050" elapsed="0.083328"/>
</kw>
<status status="PASS" start="2025-08-23T08:17:59.848728" elapsed="0.083740"/>
</kw>
<status status="PASS" start="2025-08-23T08:17:53.317612" elapsed="6.615010"/>
</test>
<test id="s1-t3" name="Login failed - Username not found" line="19">
<kw name="Open web url" owner="common">
<if>
<branch type="IF" condition="'${headless}' == 'True'">
<kw name="Open Browser" owner="SeleniumLibrary">
<msg time="2025-08-23T08:17:59.933668" level="INFO">Opening browser 'headlesschrome' to base url 'http://the-internet.herokuapp.com/login'.</msg>
<arg>${url}</arg>
<arg>headlesschrome</arg>
<doc>Opens a new browser instance to the optional ``url``.</doc>
<status status="PASS" start="2025-08-23T08:17:59.933536" elapsed="5.124068"/>
</kw>
<status status="PASS" start="2025-08-23T08:17:59.933355" elapsed="5.124497"/>
</branch>
<branch type="ELSE">
<kw name="Open Browser" owner="SeleniumLibrary">
<arg>${url}</arg>
<arg>${browser}</arg>
<doc>Opens a new browser instance to the optional ``url``.</doc>
<status status="NOT RUN" start="2025-08-23T08:18:05.058345" elapsed="0.000046"/>
</kw>
<status status="NOT RUN" start="2025-08-23T08:18:05.057940" elapsed="0.000508"/>
</branch>
<status status="PASS" start="2025-08-23T08:17:59.933337" elapsed="5.125151"/>
</if>
<arg>url=${URL}</arg>
<status status="PASS" start="2025-08-23T08:17:59.933132" elapsed="5.125447"/>
</kw>
<kw name="Input username password and click login" owner="login_feature">
<kw name="Verify if page login page load correctly" owner="login_page">
<kw name="Wait Until Element Is Visible" owner="SeleniumLibrary">
<arg>locator=${web_locator['txt_login_page_header']}</arg>
<arg>timeout=${60s_TIMEOUT}</arg>
<doc>Waits until the element ``locator`` is visible.</doc>
<status status="PASS" start="2025-08-23T08:18:05.059810" elapsed="0.019918"/>
</kw>
<status status="PASS" start="2025-08-23T08:18:05.059572" elapsed="0.020242"/>
</kw>
<kw name="Input username" owner="login_page">
<kw name="Input text" owner="common">
<kw name="Wait Until Element Is Visible" owner="SeleniumLibrary">
<arg>locator=${locator}</arg>
<arg>timeout=${5s_TIMEOUT}</arg>
<doc>Waits until the element ``locator`` is visible.</doc>
<status status="PASS" start="2025-08-23T08:18:05.080733" elapsed="0.010558"/>
</kw>
<kw name="Input Text" owner="SeleniumLibrary">
<msg time="2025-08-23T08:18:05.091641" level="INFO">Typing text 'tomholland' into text field 'id=username'.</msg>
<arg>locator=${locator}</arg>
<arg>text=${input_text}</arg>
<doc>Types the given ``text`` into the text field identified by ``locator``.</doc>
<status status="PASS" start="2025-08-23T08:18:05.091425" elapsed="0.092325"/>
</kw>
<arg>locator=${web_locator['input_username']}</arg>
<arg>input_text=${username}</arg>
<status status="PASS" start="2025-08-23T08:18:05.080213" elapsed="0.103616"/>
</kw>
<arg>username=${username}</arg>
<status status="PASS" start="2025-08-23T08:18:05.079950" elapsed="0.103912"/>
</kw>
<kw name="Input password" owner="login_page">
<kw name="Input text" owner="common">
<kw name="Wait Until Element Is Visible" owner="SeleniumLibrary">
<arg>locator=${locator}</arg>
<arg>timeout=${5s_TIMEOUT}</arg>
<doc>Waits until the element ``locator`` is visible.</doc>
<status status="PASS" start="2025-08-23T08:18:05.184540" elapsed="0.007809"/>
</kw>
<kw name="Input Text" owner="SeleniumLibrary">
<msg time="2025-08-23T08:18:05.192580" level="INFO">Typing text 'Password!' into text field 'id=password'.</msg>
<arg>locator=${locator}</arg>
<arg>text=${input_text}</arg>
<doc>Types the given ``text`` into the text field identified by ``locator``.</doc>
<status status="PASS" start="2025-08-23T08:18:05.192440" elapsed="0.027606"/>
</kw>
<arg>locator=${web_locator['input_password']}</arg>
<arg>input_text=${password}</arg>
<status status="PASS" start="2025-08-23T08:18:05.184179" elapsed="0.035926"/>
</kw>
<arg>password=${password}</arg>
<status status="PASS" start="2025-08-23T08:18:05.183978" elapsed="0.036154"/>
</kw>
<kw name="Click login button" owner="login_page">
<kw name="Wait Until Element Is Visible" owner="SeleniumLibrary">
<arg>locator=${web_locator['btn_login']}</arg>
<arg>timeout=${5s_TIMEOUT}</arg>
<doc>Waits until the element ``locator`` is visible.</doc>
<status status="PASS" start="2025-08-23T08:18:05.220395" elapsed="0.007159"/>
</kw>
<kw name="Click Element" owner="SeleniumLibrary">
<msg time="2025-08-23T08:18:05.227900" level="INFO">Clicking element 'xpath=//i[contains(text(), Login)]/parent::button'.</msg>
<arg>${web_locator['btn_login']}</arg>
<doc>Click the element identified by ``locator``.</doc>
<status status="PASS" start="2025-08-23T08:18:05.227635" elapsed="0.727037"/>
</kw>
<status status="PASS" start="2025-08-23T08:18:05.220240" elapsed="0.734669"/>
</kw>
<arg>username=${INVALID_USER}</arg>
<arg>password=${INVALID_PASS}</arg>
<status status="PASS" start="2025-08-23T08:18:05.058975" elapsed="0.896019"/>
</kw>
<kw name="Verify flash popup text" owner="login_page">
<kw name="Verify text" owner="common">
<kw name="Wait Until Element Contains" owner="SeleniumLibrary">
<arg>locator=${locator}</arg>
<arg>text=${text_verify}</arg>
<arg>timeout=${5s_TIMEOUT}</arg>
<doc>Waits until the element ``locator`` contains ``text``.</doc>
<status status="PASS" start="2025-08-23T08:18:05.956204" elapsed="0.014503"/>
</kw>
<arg>locator=${web_locator['flash_popup']}</arg>
<arg>text_verify=${verify_text}</arg>
<status status="PASS" start="2025-08-23T08:18:05.955598" elapsed="0.015177"/>
</kw>
<arg>verify_text=${txt_user_invalid}</arg>
<status status="PASS" start="2025-08-23T08:18:05.955220" elapsed="0.015585"/>
</kw>
<kw name="Close all browser" owner="common">
<kw name="Close All Browsers" owner="SeleniumLibrary">
<doc>Closes all open browsers and resets the browser cache.</doc>
<status status="PASS" start="2025-08-23T08:18:05.971072" elapsed="0.072998"/>
</kw>
<status status="PASS" start="2025-08-23T08:18:05.970932" elapsed="0.073216"/>
</kw>
<status status="PASS" start="2025-08-23T08:17:59.932803" elapsed="6.111457"/>
</test>
<status status="PASS" start="2025-08-23T08:17:45.752027" elapsed="20.292502"/>
</suite>
<statistics>
<total>
<stat pass="3" fail="0" skip="0">All Tests</stat>
</total>
<tag>
</tag>
<suite>
<stat name="Test Login" id="s1" pass="3" fail="0" skip="0">Test Login</stat>
</suite>
</statistics>
<errors>
</errors>
</robot>
